<?xml version="1.0" encoding="UTF-8" ?>
<testsuite tests="7" failures="0" name="hackerrank.SampleUnitTest" time="0.005" errors="0" skipped="0">
  <properties>
[...]
</properties>
  <testcase classname="hackerrank.SampleUnitTest" name="_01_getChairCount" time="0.004"/>
  <testcase classname="hackerrank.SampleUnitTest" name="_02_orderFourChairs" time="0"/>
  <testcase classname="hackerrank.SampleUnitTest" name="_03_orderThreeCouches" time="0"/>
  <testcase classname="hackerrank.SampleUnitTest" name="_04_orderedChairsCost" time="0"/>
  <testcase classname="hackerrank.SampleUnitTest" name="_05_orderedTablesCost" time="0"/>
  <testcase classname="hackerrank.SampleUnitTest" name="_06_orderedCouchesCost" time="0"/>
  <testcase classname="hackerrank.SampleUnitTest" name="_07_totalOrderCost" time="0.001"/>
</testsuite>